<?xml version="1.0" encoding="UTF-8"?>
<!-- Generated by org.testng.reporters.JUnitReportReporter -->
<testsuite hostname="Asus" failures="0" tests="1" name="org.example.AppTest" time="44.637" errors="0" timestamp="2023-10-05T06:36:20 GET" skipped="0">
  <testcase classname="org.example.AppTest" name="searchTest" time="44.637"/>
</testsuite> <!-- org.example.AppTest -->
